proguard/seeds.txt
com.box.unzip.R$array
com.box.unzip.R$array: int UMageList
com.box.unzip.R$array: int UMgenderList
com.box.unzip.R$array: int dialogchoiser
com.box.unzip.R$attr
com.box.unzip.R$drawable
com.box.unzip.R$drawable: int apk
com.box.unzip.R$drawable: int arrow_right
com.box.unzip.R$drawable: int avi
com.box.unzip.R$drawable: int back
com.box.unzip.R$drawable: int back2
com.box.unzip.R$drawable: int bg_empty
com.box.unzip.R$drawable: int bmp
com.box.unzip.R$drawable: int button_bg
com.box.unzip.R$drawable: int button_bg_p
com.box.unzip.R$drawable: int button_bg_selector
com.box.unzip.R$drawable: int chm
com.box.unzip.R$drawable: int conf
com.box.unzip.R$drawable: int corner
com.box.unzip.R$drawable: int dir
com.box.unzip.R$drawable: int doc
com.box.unzip.R$drawable: int feedback
com.box.unzip.R$drawable: int gif
com.box.unzip.R$drawable: int gradient
com.box.unzip.R$drawable: int hide
com.box.unzip.R$drawable: int htm
com.box.unzip.R$drawable: int html
com.box.unzip.R$drawable: int ic_launcher
com.box.unzip.R$drawable: int ini
com.box.unzip.R$drawable: int jpg
com.box.unzip.R$drawable: int list_selector
com.box.unzip.R$drawable: int log
com.box.unzip.R$drawable: int logo
com.box.unzip.R$drawable: int mp3
com.box.unzip.R$drawable: int mp4
com.box.unzip.R$drawable: int newfile
com.box.unzip.R$drawable: int newfold
com.box.unzip.R$drawable: int no
com.box.unzip.R$drawable: int orange
com.box.unzip.R$drawable: int pdf
com.box.unzip.R$drawable: int png
com.box.unzip.R$drawable: int ppt
com.box.unzip.R$drawable: int rar
com.box.unzip.R$drawable: int rec
com.box.unzip.R$drawable: int rec2
com.box.unzip.R$id
com.box.unzip.R$id: int AdLinearLayout
com.box.unzip.R$id: int back
com.box.unzip.R$id: int cancel_paste
com.box.unzip.R$id: int current_dir
com.box.unzip.R$id: int group_main
com.box.unzip.R$id: int help
com.box.unzip.R$id: int item_empty
com.box.unzip.R$id: int item_img
com.box.unzip.R$id: int item_name
com.box.unzip.R$id: int item_size
com.box.unzip.R$id: int item_time
com.box.unzip.R$id: int listView
com.box.unzip.R$id: int list_empty
com.box.unzip.R$id: int main_layout
com.box.unzip.R$id: int main_option
com.box.unzip.R$id: int new_file
com.box.unzip.R$id: int new_fold
com.box.unzip.R$id: int new_game
com.box.unzip.R$id: int option
com.box.unzip.R$id: int paste
com.box.unzip.R$id: int quit
com.box.unzip.R$id: int rec
com.box.unzip.R$id: int refresh
com.box.unzip.R$id: int setting
com.box.unzip.R$id: int setting_about
com.box.unzip.R$id: int setting_feedback
com.box.unzip.R$id: int setting_help
com.box.unzip.R$id: int setting_update
com.box.unzip.R$id: int show_hide
com.box.unzip.R$id: int sort
com.box.unzip.R$id: int sort_name
com.box.unzip.R$id: int sort_size
com.box.unzip.R$id: int sort_time
com.box.unzip.R$id: int sort_type
com.box.unzip.R$id: int umeng_common_app
com.box.unzip.R$id: int umeng_common_appIcon
com.box.unzip.R$id: int umeng_common_description
com.box.unzip.R$id: int umeng_common_notification
com.box.unzip.R$id: int umeng_common_notification_controller
com.box.unzip.R$layout
com.box.unzip.R$layout: int activity_main
com.box.unzip.R$layout: int emptyitem
com.box.unzip.R$layout: int item
com.box.unzip.R$layout: int line
com.box.unzip.R$layout: int listview_header2
com.box.unzip.R$layout: int setting
com.box.unzip.R$layout: int umeng_common_download_notification
com.box.unzip.R$layout: int umeng_fb_atom
com.box.unzip.R$layout: int umeng_fb_conversation
com.box.unzip.R$layout: int umeng_fb_conversation_item
com.box.unzip.R$layout: int umeng_fb_conversations
com.box.unzip.R$layout: int umeng_fb_conversations_item
com.box.unzip.R$layout: int umeng_fb_list_item
com.box.unzip.R$layout: int umeng_fb_new_reply_alert_dialog
com.box.unzip.R$layout: int umeng_fb_send_feedback
com.box.unzip.R$layout: int wellcom
com.box.unzip.R$menu
com.box.unzip.R$menu: int activity_main
com.box.unzip.R$menu: int popmenu
...
com.google.ads.doubleclick.DfpAdView
com.google.ads.doubleclick.DfpAdView: DfpAdView(android.content.Context,android.util.AttributeSet)
com.google.ads.doubleclick.DfpAdView: DfpAdView(android.content.Context,android.util.AttributeSet,int)
com.google.ads.g$a: com.google.ads.g$a[] values()
com.google.ads.g$a: com.google.ads.g$a valueOf(java.lang.String)
com.google.ads.internal.c$d: com.google.ads.internal.c$d[] values()
com.google.ads.internal.c$d: com.google.ads.internal.c$d valueOf(java.lang.String)
com.google.ads.searchads.SearchAdRequest$BorderType: com.google.ads.searchads.SearchAdRequest$BorderType[] values()
com.google.ads.searchads.SearchAdRequest$BorderType: com.google.ads.searchads.SearchAdRequest$BorderType valueOf(java.lang.String)
com.google.ads.util.AdUtil$UserActivityReceiver
com.google.ads.util.AdUtil$a: com.google.ads.util.AdUtil$a[] values()
com.google.ads.util.AdUtil$a: com.google.ads.util.AdUtil$a valueOf(java.lang.String)
com.google.ads.util.b$a: com.google.ads.util.b$a[] values()
com.google.ads.util.b$a: com.google.ads.util.b$a valueOf(java.lang.String)
com.mobisage.android.MobiSageActivity
com.mobisage.android.MobiSageActivity: MobiSageActivity()
com.mobisage.android.MobiSageAdBanner
com.mobisage.android.MobiSageAdBanner: MobiSageAdBanner(android.content.Context,android.util.AttributeSet)
com.mobisage.android.MobiSageAdNoBanner
com.mobisage.android.MobiSageAdNoBanner: MobiSageAdNoBanner(android.content.Context,android.util.AttributeSet)
com.mobisage.android.MobiSageAdPoster
com.mobisage.android.MobiSageAdPoster: MobiSageAdPoster(android.content.Context,android.util.AttributeSet)
com.mobisage.android.MobiSageAdWordBanner
com.mobisage.android.MobiSageAdWordBanner: MobiSageAdWordBanner(android.content.Context,android.util.AttributeSet)
com.mobisage.android.MobiSageApkService
com.mobisage.android.MobiSageApkService: MobiSageApkService()
com.mobisage.android.MobiSageBaiduBar
com.mobisage.android.MobiSageBaiduBar: MobiSageBaiduBar(android.content.Context,android.util.AttributeSet)
com.mobisage.android.h
com.mobisage.android.h: h(android.content.Context,android.util.AttributeSet)
com.mobisage.android.m
com.mobisage.android.m: m(android.content.Context,android.util.AttributeSet)
com.umeng.analytics.Gender: com.umeng.analytics.Gender[] values()
com.umeng.analytics.Gender: com.umeng.analytics.Gender valueOf(java.lang.String)
com.umeng.common.net.DownloadingService
com.umeng.common.net.DownloadingService: DownloadingService()
com.umeng.common.net.o: o(org.json.JSONObject)
com.umeng.common.net.o$a: com.umeng.common.net.o$a[] values()
com.umeng.common.net.o$a: com.umeng.common.net.o$a valueOf(java.lang.String)
com.umeng.common.net.p$b: com.umeng.common.net.p$b[] values()
com.umeng.common.net.p$b: com.umeng.common.net.p$b valueOf(java.lang.String)
com.umeng.common.net.t: t(org.json.JSONObject)
com.umeng.fb.NotificationType: com.umeng.fb.NotificationType[] values()
com.umeng.fb.NotificationType: com.umeng.fb.NotificationType valueOf(java.lang.String)
com.umeng.fb.a: a(org.json.JSONObject)
com.umeng.fb.a$a: com.umeng.fb.a$a[] values()
com.umeng.fb.a$a: com.umeng.fb.a$a valueOf(java.lang.String)
com.umeng.fb.a$b: com.umeng.fb.a$b[] values()
com.umeng.fb.a$b: com.umeng.fb.a$b valueOf(java.lang.String)
com.umeng.fb.a.c: c(org.json.JSONObject)
com.umeng.fb.b$a: com.umeng.fb.b$a[] values()
com.umeng.fb.b$a: com.umeng.fb.b$a valueOf(java.lang.String)
com.umeng.fb.ui.FeedbackConversation
com.umeng.fb.ui.FeedbackConversation: FeedbackConversation()
com.umeng.fb.ui.FeedbackConversations
com.umeng.fb.ui.FeedbackConversations: FeedbackConversations()
com.umeng.fb.ui.SendFeedback
com.umeng.fb.ui.SendFeedback: SendFeedback()
com.umeng.fb.ui.ThreadView
com.umeng.fb.ui.ThreadView: ThreadView(android.content.Context,android.util.AttributeSet)
com.umeng.update.UpdateResponse: UpdateResponse(org.json.JSONObject)