proguard/mapping.txt
com.box.unzip.R -> com.box.unzip.R:
com.box.unzip.R$array -> com.box.unzip.R$array:
    int UMageList -> UMageList
    int UMgenderList -> UMgenderList
    int dialogchoiser -> dialogchoiser
com.box.unzip.R$attr -> com.box.unzip.R$attr:
com.box.unzip.R$drawable -> com.box.unzip.R$drawable:
    int apk -> apk
    int arrow_right -> arrow_right
    int avi -> avi
    int back -> back
    int back2 -> back2
    int bg_empty -> bg_empty
    int bmp -> bmp
    int button_bg -> button_bg
    int button_bg_p -> button_bg_p
    int button_bg_selector -> button_bg_selector
    int chm -> chm
    int conf -> conf
    int corner -> corner
    int dir -> dir
    int doc -> doc
    int feedback -> feedback
    int gif -> gif
    int gradient -> gradient
    int hide -> hide
    int htm -> htm
    int html -> html
    int ic_launcher -> ic_launcher
    int ini -> ini
    int jpg -> jpg
    int list_selector -> list_selector
    int log -> log
    int logo -> logo
    int mp3 -> mp3
    int mp4 -> mp4
    int newfile -> newfile
    int newfold -> newfold
    int no -> no
    int orange -> orange
    int pdf -> pdf
    int png -> png
    int ppt -> ppt
    int rar -> rar
    int rec -> rec
    int rec2 -> rec2
    int recoment -> recoment
    int refresh -> refresh
    int setting -> setting
    int setting2 -> setting2
    int showhide -> showhide
    int sort -> sort
    int txt -> txt
    int umeng_common_gradient_green -> umeng_common_gradient_green
    int umeng_common_gradient_orange -> umeng_common_gradient_orange
    int umeng_common_gradient_red -> umeng_common_gradient_red
    int umeng_fb_bar_bg -> umeng_fb_bar_bg
com.box.unzip.R$id -> com.box.unzip.R$id:
    int AdLinearLayout -> AdLinearLayout
    int back -> back
    int cancel_paste -> cancel_paste
    int current_dir -> current_dir
    int group_main -> group_main
    int help -> help
    int item_empty -> item_empty
    int item_img -> item_img
    int item_name -> item_name
    int item_size -> item_size
    int item_time -> item_time
    int listView -> listView
    int list_empty -> list_empty
    int main_layout -> main_layout
    int main_option -> main_option
    int new_file -> new_file
    int new_fold -> new_fold
    int new_game -> new_game
    int option -> option
    int paste -> paste
    int quit -> quit
    int rec -> rec
    int refresh -> refresh
    int setting -> setting
    int setting_about -> setting_about
    int setting_feedback -> setting_feedback
    int setting_help -> setting_help
    int setting_update -> setting_update
    int show_hide -> show_hide
    int sort -> sort
    int sort_name -> sort_name
    int sort_size -> sort_size
    int sort_time -> sort_time
    int sort_type -> sort_type
    int umeng_common_app -> umeng_common_app
    int umeng_common_appIcon -> umeng_common_appIcon
    int umeng_common_description -> umeng_common_description
    int umeng_common_notification -> umeng_common_notification
    int umeng_common_notification_controller -> umeng_common_notification_controller
    int umeng_common_progress_bar -> umeng_common_progress_bar
...
com.adsmogo.util.AdsMogoUtil -> com.adsmogo.util.AdsMogoUtil:
    java.lang.String ADMOGO -> ADMOGO
com.adsmogo.util.AdsMogoUtilTool -> com.adsmogo.util.AdsMogoUtilTool:
    java.lang.String a -> a
    java.lang.String convertToHex(java.lang.String) -> convertToHex
    java.lang.String encrypt(java.lang.String) -> encrypt
    void downloadAPK(int,java.lang.String,java.lang.String,java.lang.String,android.content.Context) -> downloadAPK
    java.lang.String getApkPackageName(android.content.Context,java.lang.String) -> getApkPackageName
    void a(android.content.Context,java.lang.String) -> a
    com.adsmogo.model.a a(int) -> a
    java.lang.reflect.Method a(java.lang.Object,java.lang.String,java.lang.Class[]) -> a
    java.lang.Object a(java.lang.reflect.Method,java.lang.Object,java.lang.Object[]) -> a
    boolean a(java.lang.String) -> a
com.adsmogo.util.Gender -> com.adsmogo.util.Gender:
    com.adsmogo.util.Gender UNKNOWN -> UNKNOWN
    com.adsmogo.util.Gender MALE -> MALE
    com.adsmogo.util.Gender FEMALE -> FEMALE
    com.adsmogo.util.Gender[] ENUM$VALUES -> ENUM$VALUES
com.adsmogo.util.GetUserInfo -> com.adsmogo.util.GetUserInfo:
    java.lang.String a -> a
    java.lang.String b -> b
    java.lang.String c -> c
    int d -> d
    java.lang.String e -> e
    java.lang.String f -> f
    java.lang.String g -> g
    java.lang.String h -> h
    java.lang.String i -> i
    java.lang.String j -> j
    java.lang.String k -> k
    java.lang.String l -> l
    java.lang.String getImei(android.content.Context) -> getImei
    java.lang.String getLmMobUID(android.content.Context) -> getLmMobUID
    java.lang.String getDeviceID(android.content.Context) -> getDeviceID
    boolean isPermission(android.content.Context,java.lang.String) -> isPermission
    java.lang.String getIDByMAC(android.content.Context) -> getIDByMAC
    java.lang.String getNetworkType(android.content.Context) -> getNetworkType
    java.lang.String getAduuNetworkType(android.content.Context) -> getAduuNetworkType
    java.lang.String getOperators(android.content.Context) -> getOperators
    java.lang.String GetCPUInfo() -> GetCPUInfo
    java.lang.String getMemoryInfo(android.content.Context) -> getMemoryInfo
    java.lang.String run(java.lang.String[],java.lang.String) -> run
    java.lang.String getIpAddress() -> getIpAddress
    java.lang.String a() -> a
    boolean a(java.lang.String,java.lang.String) -> a
    java.lang.String getPackageName(android.content.Context) -> getPackageName
com.adsmogo.util.L -> com.adsmogo.util.L:
    boolean debug -> debug
    java.lang.String a -> a
    void v(java.lang.Object) -> v
    void d(java.lang.Object) -> d
    void i(java.lang.Object) -> i
    void w(java.lang.Object) -> w
    void e(java.lang.Object) -> e
    void v(java.lang.Object,java.lang.Object) -> v
    void d(java.lang.Object,java.lang.Object) -> d
    void i(java.lang.Object,java.lang.Object) -> i
    void w(java.lang.Object,java.lang.Object) -> w
    void e(java.lang.Object,java.lang.Object) -> e
    void v(java.lang.Object,java.lang.Object,java.lang.Throwable) -> v
    void i(java.lang.Object,java.lang.Object,java.lang.Throwable) -> i
    void d(java.lang.Object,java.lang.Object,java.lang.Throwable) -> d
    void w(java.lang.Object,java.lang.Object,java.lang.Throwable) -> w
    void e(java.lang.Object,java.lang.Object,java.lang.Throwable) -> e
com.adsmogo.util.RepeatCheck -> com.adsmogo.util.RepeatCheck:
    boolean isAppRepeated(android.content.Context,java.lang.String) -> isAppRepeated
    void getInstalledApps(android.content.Context) -> getInstalledApps
    boolean isAppInstalled(android.content.Context,java.lang.String) -> isAppInstalled
com.adsmogo.util.Version -> com.adsmogo.util.Version:
    int versionCode -> versionCode