proguard/usage.txt
com.box.unzip.BuildConfig
com.box.unzip.R:
    10:10:public R()
...
org.apache.tools.ant.filters.StripLineBreaks
org.apache.tools.ant.filters.StripLineComments
org.apache.tools.ant.filters.StripLineComments$Comment
org.apache.tools.ant.filters.TabsToSpaces
org.apache.tools.ant.filters.TailFilter
org.apache.tools.ant.filters.TokenFilter
org.apache.tools.ant.filters.TokenFilter$ChainableReaderFilter
org.apache.tools.ant.filters.TokenFilter$ContainsRegex
org.apache.tools.ant.filters.TokenFilter$ContainsString
org.apache.tools.ant.filters.TokenFilter$DeleteCharacters
org.apache.tools.ant.filters.TokenFilter$DeleteCharacters$1
org.apache.tools.ant.filters.TokenFilter$FileTokenizer
org.apache.tools.ant.filters.TokenFilter$Filter
org.apache.tools.ant.filters.TokenFilter$IgnoreBlank
org.apache.tools.ant.filters.TokenFilter$ReplaceRegex
org.apache.tools.ant.filters.TokenFilter$ReplaceString
org.apache.tools.ant.filters.TokenFilter$StringTokenizer
org.apache.tools.ant.filters.TokenFilter$Trim
org.apache.tools.ant.filters.util.ChainReaderHelper
org.apache.tools.ant.helper.AntXMLContext
org.apache.tools.ant.helper.DefaultExecutor
org.apache.tools.ant.helper.ProjectHelper2
org.apache.tools.ant.helper.ProjectHelper2$AntHandler
org.apache.tools.ant.helper.ProjectHelper2$ElementHandler
org.apache.tools.ant.helper.ProjectHelper2$MainHandler
org.apache.tools.ant.helper.ProjectHelper2$ProjectHandler
org.apache.tools.ant.helper.ProjectHelper2$RootHandler
org.apache.tools.ant.helper.ProjectHelper2$TargetHandler
org.apache.tools.ant.helper.ProjectHelperImpl
org.apache.tools.ant.helper.ProjectHelperImpl$AbstractHandler
org.apache.tools.ant.helper.ProjectHelperImpl$DataTypeHandler
org.apache.tools.ant.helper.ProjectHelperImpl$DescriptionHandler
org.apache.tools.ant.helper.ProjectHelperImpl$NestedElementHandler
org.apache.tools.ant.helper.ProjectHelperImpl$ProjectHandler
org.apache.tools.ant.helper.ProjectHelperImpl$RootHandler
org.apache.tools.ant.helper.ProjectHelperImpl$TargetHandler
org.apache.tools.ant.helper.ProjectHelperImpl$TaskHandler
org.apache.tools.ant.helper.SingleCheckExecutor
org.apache.tools.ant.input.DefaultInputHandler
org.apache.tools.ant.input.GreedyInputHandler
org.apache.tools.ant.input.InputHandler
org.apache.tools.ant.input.InputRequest
org.apache.tools.ant.input.MultipleChoiceInputRequest
org.apache.tools.ant.input.PropertyFileInputHandler
org.apache.tools.ant.listener.AnsiColorLogger
org.apache.tools.ant.listener.MailLogger
org.apache.tools.ant.listener.TimestampedLogger
org.apache.tools.ant.loader.AntClassLoader2
org.apache.tools.ant.taskdefs.AbstractCvsTask
org.apache.tools.ant.taskdefs.AbstractJarSignerTask
org.apache.tools.ant.taskdefs.Ant
org.apache.tools.ant.taskdefs.Ant$Reference
org.apache.tools.ant.taskdefs.Ant$TargetElement
org.apache.tools.ant.taskdefs.AntStructure
org.apache.tools.ant.taskdefs.AntStructure$1
org.apache.tools.ant.taskdefs.AntStructure$DTDPrinter
org.apache.tools.ant.taskdefs.AntStructure$StructurePrinter
org.apache.tools.ant.taskdefs.Antlib
org.apache.tools.ant.taskdefs.AntlibDefinition
org.apache.tools.ant.taskdefs.Apt
org.apache.tools.ant.taskdefs.Apt$Option
org.apache.tools.ant.taskdefs.Available
org.apache.tools.ant.taskdefs.Available$FileDir
org.apache.tools.ant.taskdefs.BUnzip2
org.apache.tools.ant.taskdefs.BZip2
org.apache.tools.ant.taskdefs.Basename
org.apache.tools.ant.taskdefs.BuildNumber
org.apache.tools.ant.taskdefs.CVSPass
org.apache.tools.ant.taskdefs.CallTarget
org.apache.tools.ant.taskdefs.Checksum
org.apache.tools.ant.taskdefs.Checksum$FileUnion
org.apache.tools.ant.taskdefs.Checksum$FormatElement
org.apache.tools.ant.taskdefs.Chmod
org.apache.tools.ant.taskdefs.Classloader
org.apache.tools.ant.taskdefs.Concat
org.apache.tools.ant.taskdefs.Concat$1
org.apache.tools.ant.taskdefs.Concat$MultiReader
org.apache.tools.ant.taskdefs.Concat$TextElement
org.apache.tools.ant.taskdefs.ConditionTask
org.apache.tools.ant.taskdefs.Copy
org.apache.tools.ant.taskdefs.Copy$1